<?xml version="1.0" encoding="UTF-8"?>
<!-- Generated by org.testng.reporters.JUnitXMLReporter -->
<testsuite hostname="Avadhoot-PC" ignored="0" name="Test" tests="8" failures="0" timestamp="15 Mar 2019 05:07:14 GMT" time="104.986" errors="0">
  <testcase name="loginPageTitleTest" time="0.076" classname="com.crm.qa.testcases.LoginPageTest"/>
  <testcase name="verifcontactspagelabel" time="0.083" classname="com.crm.qa.testcases.ContactsPageTest"/>
  <testcase name="verifyHomePageTitleTest" time="0.024" classname="com.crm.qa.testcases.HomePagetest"/>
  <testcase name="crmLogoImageTest" time="0.106" classname="com.crm.qa.testcases.LoginPageTest"/>
  <testcase name="validteCreateNewContact" time="0.0" classname="com.crm.qa.testcases.ContactsPageTest">
    <skipped/>
  </testcase> <!-- validteCreateNewContact -->
  <testcase name="verifyusernameTest" time="0.471" classname="com.crm.qa.testcases.HomePagetest"/>
  <testcase name="loginTest" time="7.926" classname="com.crm.qa.testcases.LoginPageTest"/>
  <testcase name="verifycontactsLinkTest" time="1.779" classname="com.crm.qa.testcases.HomePagetest"/>
</testsuite> <!-- Test -->
